<?xml version="1.0" encoding="UTF-8"?>
<testsuite xmlns:xsi="http://www.w3.org/2001/XMLSchema-instance" xsi:noNamespaceSchemaLocation="https://maven.apache.org/surefire/maven-surefire-plugin/xsd/surefire-test-report-3.0.xsd" version="3.0" name="com.github.seregamorph.testsmartcontext.demo.FlakyFailureTest" time="0.005" tests="1" errors="0" skipped="0" failures="0">
  <properties>
      <property name="java.specification.version" value="17"/>
      <property name="sun.jnu.encoding" value="UTF-8"/>
      <property name="gradle.enterprise.listener.surefire.forkId" value="1"/>
      <property name="java.class.path" value="/Users/morph/Projects/spring-test-smart-context/demo/demo-maven-junit-platform-testng-boot32/target/test-classes:/Users/morph/Projects/spring-test-smart-context/demo/demo-maven-junit-platform-testng-boot32/target/classes:/Users/morph/.m2/repository/org/springframework/boot/spring-boot-starter-web/3.2.2/spring-boot-starter-web-3.2.2.jar:/Users/morph/.m2/repository/org/springframework/boot/spring-boot-starter/3.2.2/spring-boot-starter-3.2.2.jar:/Users/morph/.m2/repository/org/springframework/boot/spring-boot/3.2.2/spring-boot-3.2.2.jar:/Users/morph/.m2/repository/org/springframework/boot/spring-boot-autoconfigure/3.2.2/spring-boot-autoconfigure-3.2.2.jar:/Users/morph/.m2/repository/org/springframework/boot/spring-boot-starter-logging/3.2.2/spring-boot-starter-logging-3.2.2.jar:/Users/morph/.m2/repository/ch/qos/logback/logback-classic/1.4.14/logback-classic-1.4.14.jar:/Users/morph/.m2/repository/ch/qos/logback/logback-core/1.4.14/logback-core-1.4.14.jar:/Users/morph/.m2/repository/org/apache/logging/log4j/log4j-to-slf4j/2.21.1/log4j-to-slf4j-2.21.1.jar:/Users/morph/.m2/repository/org/apache/logging/log4j/log4j-api/2.21.1/log4j-api-2.21.1.jar:/Users/morph/.m2/repository/org/slf4j/jul-to-slf4j/2.0.11/jul-to-slf4j-2.0.11.jar:/Users/morph/.m2/repository/jakarta/annotation/jakarta.annotation-api/2.1.1/jakarta.annotation-api-2.1.1.jar:/Users/morph/.m2/repository/org/yaml/snakeyaml/2.2/snakeyaml-2.2.jar:/Users/morph/.m2/repository/org/springframework/boot/spring-boot-starter-json/3.2.2/spring-boot-starter-json-3.2.2.jar:/Users/morph/.m2/repository/com/fasterxml/jackson/core/jackson-databind/2.15.3/jackson-databind-2.15.3.jar:/Users/morph/.m2/repository/com/fasterxml/jackson/core/jackson-annotations/2.15.3/jackson-annotations-2.15.3.jar:/Users/morph/.m2/repository/com/fasterxml/jackson/core/jackson-core/2.15.3/jackson-core-2.15.3.jar:/Users/morph/.m2/repository/com/fasterxml/jackson/datatype/jackson-datatype-jdk8/2.15.3/jackson-datatype-jdk8-2.15.3.jar:/Users/morph/.m2/repository/com/fasterxml/jackson/datatype/jackson-datatype-jsr310/2.15.3/jackson-datatype-jsr310-2.15.3.jar:/Users/morph/.m2/repository/com/fasterxml/jackson/module/jackson-module-parameter-names/2.15.3/jackson-module-parameter-names-2.15.3.jar:/Users/morph/.m2/repository/org/springframework/boot/spring-boot-starter-tomcat/3.2.2/spring-boot-starter-tomcat-3.2.2.jar:/Users/morph/.m2/repository/org/apache/tomcat/embed/tomcat-embed-core/10.1.18/tomcat-embed-core-10.1.18.jar:/Users/morph/.m2/repository/org/apache/tomcat/embed/tomcat-embed-el/10.1.18/tomcat-embed-el-10.1.18.jar:/Users/morph/.m2/repository/org/apache/tomcat/embed/tomcat-embed-websocket/10.1.18/tomcat-embed-websocket-10.1.18.jar:/Users/morph/.m2/repository/org/springframework/spring-web/6.1.3/spring-web-6.1.3.jar:/Users/morph/.m2/repository/org/springframework/spring-beans/6.1.3/spring-beans-6.1.3.jar:/Users/morph/.m2/repository/io/micrometer/micrometer-observation/1.12.2/micrometer-observation-1.12.2.jar:/Users/morph/.m2/repository/io/micrometer/micrometer-commons/1.12.2/micrometer-commons-1.12.2.jar:/Users/morph/.m2/repository/org/springframework/spring-webmvc/6.1.3/spring-webmvc-6.1.3.jar:/Users/morph/.m2/repository/org/springframework/spring-aop/6.1.3/spring-aop-6.1.3.jar:/Users/morph/.m2/repository/org/springframework/spring-context/6.1.3/spring-context-6.1.3.jar:/Users/morph/.m2/repository/org/springframework/spring-expression/6.1.3/spring-expression-6.1.3.jar:/Users/morph/Projects/spring-test-smart-context/spring-test-smart-context/target/spring-test-smart-context-0.4-SNAPSHOT.jar:/Users/morph/.m2/repository/org/springframework/boot/spring-boot-starter-test/3.2.2/spring-boot-starter-test-3.2.2.jar:/Users/morph/.m2/repository/org/springframework/boot/spring-boot-test/3.2.2/spring-boot-test-3.2.2.jar:/Users/morph/.m2/repository/org/springframework/boot/spring-boot-test-autoconfigure/3.2.2/spring-boot-test-autoconfigure-3.2.2.jar:/Users/morph/.m2/repository/com/jayway/jsonpath/json-path/2.8.0/json-path-2.8.0.jar:/Users/morph/.m2/repository/org/slf4j/slf4j-api/2.0.11/slf4j-api-2.0.11.jar:/Users/morph/.m2/repository/jakarta/xml/bind/jakarta.xml.bind-api/4.0.1/jakarta.xml.bind-api-4.0.1.jar:/Users/morph/.m2/repository/jakarta/activation/jakarta.activation-api/2.1.2/jakarta.activation-api-2.1.2.jar:/Users/morph/.m2/repository/net/minidev/json-smart/2.5.0/json-smart-2.5.0.jar:/Users/morph/.m2/repository/net/minidev/accessors-smart/2.5.0/accessors-smart-2.5.0.jar:/Users/morph/.m2/repository/org/ow2/asm/asm/9.3/asm-9.3.jar:/Users/morph/.m2/repository/org/assertj/assertj-core/3.24.2/assertj-core-3.24.2.jar:/Users/morph/.m2/repository/net/bytebuddy/byte-buddy/1.14.11/byte-buddy-1.14.11.jar:/Users/morph/.m2/repository/org/awaitility/awaitility/4.2.0/awaitility-4.2.0.jar:/Users/morph/.m2/repository/org/hamcrest/hamcrest/2.2/hamcrest-2.2.jar:/Users/morph/.m2/repository/org/mockito/mockito-core/5.7.0/mockito-core-5.7.0.jar:/Users/morph/.m2/repository/net/bytebuddy/byte-buddy-agent/1.14.11/byte-buddy-agent-1.14.11.jar:/Users/morph/.m2/repository/org/objenesis/objenesis/3.3/objenesis-3.3.jar:/Users/morph/.m2/repository/org/skyscreamer/jsonassert/1.5.1/jsonassert-1.5.1.jar:/Users/morph/.m2/repository/com/vaadin/external/google/android-json/0.0.20131108.vaadin1/android-json-0.0.20131108.vaadin1.jar:/Users/morph/.m2/repository/org/springframework/spring-core/6.1.3/spring-core-6.1.3.jar:/Users/morph/.m2/repository/org/springframework/spring-jcl/6.1.3/spring-jcl-6.1.3.jar:/Users/morph/.m2/repository/org/springframework/spring-test/6.1.3/spring-test-6.1.3.jar:/Users/morph/.m2/repository/org/xmlunit/xmlunit-core/2.9.1/xmlunit-core-2.9.1.jar:/Users/morph/.m2/repository/org/junit/support/testng-engine/1.0.5/testng-engine-1.0.5.jar:/Users/morph/.m2/repository/org/junit/platform/junit-platform-engine/1.10.1/junit-platform-engine-1.10.1.jar:/Users/morph/.m2/repository/org/opentest4j/opentest4j/1.3.0/opentest4j-1.3.0.jar:/Users/morph/.m2/repository/org/junit/platform/junit-platform-commons/1.10.1/junit-platform-commons-1.10.1.jar:/Users/morph/.m2/repository/org/apiguardian/apiguardian-api/1.1.2/apiguardian-api-1.1.2.jar:/Users/morph/.m2/repository/org/testng/testng/6.14.3/testng-6.14.3.jar:/Users/morph/.m2/repository/com/beust/jcommander/1.72/jcommander-1.72.jar:/Users/morph/.m2/repository/org/apache-extras/beanshell/bsh/2.0b6/bsh-2.0b6.jar:/Users/morph/Projects/spring-test-smart-context/demo/demo-maven-junit-platform-testng-boot32/target/gradle-enterprise/test-listeners.jar:"/>
      <property name="java.vm.vendor" value="Amazon.com Inc."/>
      <property name="sun.arch.data.model" value="64"/>
      <property name="java.vendor.url" value="https://aws.amazon.com/corretto/"/>
      <property name="user.timezone" value="Europe/Amsterdam"/>
      <property name="os.name" value="Mac OS X"/>
      <property name="java.vm.specification.version" value="17"/>
      <property name="sun.java.launcher" value="SUN_STANDARD"/>
      <property name="user.country" value="US"/>
      <property name="sun.boot.library.path" value="/Users/morph/Java/amazon-corretto-17.jdk/Contents/Home/lib"/>
      <property name="sun.java.command" value="/Users/morph/Projects/spring-test-smart-context/demo/demo-maven-junit-platform-testng-boot32/target/surefire/surefirebooter-20240810120821436_27.jar /Users/morph/Projects/spring-test-smart-context/demo/demo-maven-junit-platform-testng-boot32/target/surefire 2024-08-10T12-08-19_362-jvmRun1 surefire-20240810120821436_25tmp surefire_2-20240810120821436_26tmp"/>
      <property name="http.nonProxyHosts" value="local|*.local|169.254/16|*.169.254/16"/>
      <property name="jdk.debug" value="release"/>
      <property name="surefire.test.class.path" value="/Users/morph/Projects/spring-test-smart-context/demo/demo-maven-junit-platform-testng-boot32/target/test-classes:/Users/morph/Projects/spring-test-smart-context/demo/demo-maven-junit-platform-testng-boot32/target/classes:/Users/morph/.m2/repository/org/springframework/boot/spring-boot-starter-web/3.2.2/spring-boot-starter-web-3.2.2.jar:/Users/morph/.m2/repository/org/springframework/boot/spring-boot-starter/3.2.2/spring-boot-starter-3.2.2.jar:/Users/morph/.m2/repository/org/springframework/boot/spring-boot/3.2.2/spring-boot-3.2.2.jar:/Users/morph/.m2/repository/org/springframework/boot/spring-boot-autoconfigure/3.2.2/spring-boot-autoconfigure-3.2.2.jar:/Users/morph/.m2/repository/org/springframework/boot/spring-boot-starter-logging/3.2.2/spring-boot-starter-logging-3.2.2.jar:/Users/morph/.m2/repository/ch/qos/logback/logback-classic/1.4.14/logback-classic-1.4.14.jar:/Users/morph/.m2/repository/ch/qos/logback/logback-core/1.4.14/logback-core-1.4.14.jar:/Users/morph/.m2/repository/org/apache/logging/log4j/log4j-to-slf4j/2.21.1/log4j-to-slf4j-2.21.1.jar:/Users/morph/.m2/repository/org/apache/logging/log4j/log4j-api/2.21.1/log4j-api-2.21.1.jar:/Users/morph/.m2/repository/org/slf4j/jul-to-slf4j/2.0.11/jul-to-slf4j-2.0.11.jar:/Users/morph/.m2/repository/jakarta/annotation/jakarta.annotation-api/2.1.1/jakarta.annotation-api-2.1.1.jar:/Users/morph/.m2/repository/org/yaml/snakeyaml/2.2/snakeyaml-2.2.jar:/Users/morph/.m2/repository/org/springframework/boot/spring-boot-starter-json/3.2.2/spring-boot-starter-json-3.2.2.jar:/Users/morph/.m2/repository/com/fasterxml/jackson/core/jackson-databind/2.15.3/jackson-databind-2.15.3.jar:/Users/morph/.m2/repository/com/fasterxml/jackson/core/jackson-annotations/2.15.3/jackson-annotations-2.15.3.jar:/Users/morph/.m2/repository/com/fasterxml/jackson/core/jackson-core/2.15.3/jackson-core-2.15.3.jar:/Users/morph/.m2/repository/com/fasterxml/jackson/datatype/jackson-datatype-jdk8/2.15.3/jackson-datatype-jdk8-2.15.3.jar:/Users/morph/.m2/repository/com/fasterxml/jackson/datatype/jackson-datatype-jsr310/2.15.3/jackson-datatype-jsr310-2.15.3.jar:/Users/morph/.m2/repository/com/fasterxml/jackson/module/jackson-module-parameter-names/2.15.3/jackson-module-parameter-names-2.15.3.jar:/Users/morph/.m2/repository/org/springframework/boot/spring-boot-starter-tomcat/3.2.2/spring-boot-starter-tomcat-3.2.2.jar:/Users/morph/.m2/repository/org/apache/tomcat/embed/tomcat-embed-core/10.1.18/tomcat-embed-core-10.1.18.jar:/Users/morph/.m2/repository/org/apache/tomcat/embed/tomcat-embed-el/10.1.18/tomcat-embed-el-10.1.18.jar:/Users/morph/.m2/repository/org/apache/tomcat/embed/tomcat-embed-websocket/10.1.18/tomcat-embed-websocket-10.1.18.jar:/Users/morph/.m2/repository/org/springframework/spring-web/6.1.3/spring-web-6.1.3.jar:/Users/morph/.m2/repository/org/springframework/spring-beans/6.1.3/spring-beans-6.1.3.jar:/Users/morph/.m2/repository/io/micrometer/micrometer-observation/1.12.2/micrometer-observation-1.12.2.jar:/Users/morph/.m2/repository/io/micrometer/micrometer-commons/1.12.2/micrometer-commons-1.12.2.jar:/Users/morph/.m2/repository/org/springframework/spring-webmvc/6.1.3/spring-webmvc-6.1.3.jar:/Users/morph/.m2/repository/org/springframework/spring-aop/6.1.3/spring-aop-6.1.3.jar:/Users/morph/.m2/repository/org/springframework/spring-context/6.1.3/spring-context-6.1.3.jar:/Users/morph/.m2/repository/org/springframework/spring-expression/6.1.3/spring-expression-6.1.3.jar:/Users/morph/Projects/spring-test-smart-context/spring-test-smart-context/target/spring-test-smart-context-0.4-SNAPSHOT.jar:/Users/morph/.m2/repository/org/springframework/boot/spring-boot-starter-test/3.2.2/spring-boot-starter-test-3.2.2.jar:/Users/morph/.m2/repository/org/springframework/boot/spring-boot-test/3.2.2/spring-boot-test-3.2.2.jar:/Users/morph/.m2/repository/org/springframework/boot/spring-boot-test-autoconfigure/3.2.2/spring-boot-test-autoconfigure-3.2.2.jar:/Users/morph/.m2/repository/com/jayway/jsonpath/json-path/2.8.0/json-path-2.8.0.jar:/Users/morph/.m2/repository/org/slf4j/slf4j-api/2.0.11/slf4j-api-2.0.11.jar:/Users/morph/.m2/repository/jakarta/xml/bind/jakarta.xml.bind-api/4.0.1/jakarta.xml.bind-api-4.0.1.jar:/Users/morph/.m2/repository/jakarta/activation/jakarta.activation-api/2.1.2/jakarta.activation-api-2.1.2.jar:/Users/morph/.m2/repository/net/minidev/json-smart/2.5.0/json-smart-2.5.0.jar:/Users/morph/.m2/repository/net/minidev/accessors-smart/2.5.0/accessors-smart-2.5.0.jar:/Users/morph/.m2/repository/org/ow2/asm/asm/9.3/asm-9.3.jar:/Users/morph/.m2/repository/org/assertj/assertj-core/3.24.2/assertj-core-3.24.2.jar:/Users/morph/.m2/repository/net/bytebuddy/byte-buddy/1.14.11/byte-buddy-1.14.11.jar:/Users/morph/.m2/repository/org/awaitility/awaitility/4.2.0/awaitility-4.2.0.jar:/Users/morph/.m2/repository/org/hamcrest/hamcrest/2.2/hamcrest-2.2.jar:/Users/morph/.m2/repository/org/mockito/mockito-core/5.7.0/mockito-core-5.7.0.jar:/Users/morph/.m2/repository/net/bytebuddy/byte-buddy-agent/1.14.11/byte-buddy-agent-1.14.11.jar:/Users/morph/.m2/repository/org/objenesis/objenesis/3.3/objenesis-3.3.jar:/Users/morph/.m2/repository/org/skyscreamer/jsonassert/1.5.1/jsonassert-1.5.1.jar:/Users/morph/.m2/repository/com/vaadin/external/google/android-json/0.0.20131108.vaadin1/android-json-0.0.20131108.vaadin1.jar:/Users/morph/.m2/repository/org/springframework/spring-core/6.1.3/spring-core-6.1.3.jar:/Users/morph/.m2/repository/org/springframework/spring-jcl/6.1.3/spring-jcl-6.1.3.jar:/Users/morph/.m2/repository/org/springframework/spring-test/6.1.3/spring-test-6.1.3.jar:/Users/morph/.m2/repository/org/xmlunit/xmlunit-core/2.9.1/xmlunit-core-2.9.1.jar:/Users/morph/.m2/repository/org/junit/support/testng-engine/1.0.5/testng-engine-1.0.5.jar:/Users/morph/.m2/repository/org/junit/platform/junit-platform-engine/1.10.1/junit-platform-engine-1.10.1.jar:/Users/morph/.m2/repository/org/opentest4j/opentest4j/1.3.0/opentest4j-1.3.0.jar:/Users/morph/.m2/repository/org/junit/platform/junit-platform-commons/1.10.1/junit-platform-commons-1.10.1.jar:/Users/morph/.m2/repository/org/apiguardian/apiguardian-api/1.1.2/apiguardian-api-1.1.2.jar:/Users/morph/.m2/repository/org/testng/testng/6.14.3/testng-6.14.3.jar:/Users/morph/.m2/repository/com/beust/jcommander/1.72/jcommander-1.72.jar:/Users/morph/.m2/repository/org/apache-extras/beanshell/bsh/2.0b6/bsh-2.0b6.jar:/Users/morph/Projects/spring-test-smart-context/demo/demo-maven-junit-platform-testng-boot32/target/gradle-enterprise/test-listeners.jar:"/>
      <property name="sun.cpu.endian" value="little"/>
      <property name="user.home" value="/Users/morph"/>
      <property name="user.language" value="en"/>
      <property name="java.specification.vendor" value="Oracle Corporation"/>
      <property name="java.version.date" value="2024-01-16"/>
      <property name="java.home" value="/Users/morph/Java/amazon-corretto-17.jdk/Contents/Home"/>
      <property name="file.separator" value="/"/>
      <property name="basedir" value="/Users/morph/Projects/spring-test-smart-context/demo/demo-maven-junit-platform-testng-boot32"/>
      <property name="java.vm.compressedOopsMode" value="Zero based"/>
      <property name="line.separator" value="&#10;"/>
      <property name="java.vm.specification.vendor" value="Oracle Corporation"/>
      <property name="java.specification.name" value="Java Platform API Specification"/>
      <property name="java.awt.headless" value="true"/>
      <property name="surefire.real.class.path" value="/Users/morph/Projects/spring-test-smart-context/demo/demo-maven-junit-platform-testng-boot32/target/surefire/surefirebooter-20240810120821436_27.jar"/>
      <property name="sun.management.compiler" value="HotSpot 64-Bit Tiered Compilers"/>
      <property name="ftp.nonProxyHosts" value="local|*.local|169.254/16|*.169.254/16"/>
      <property name="java.runtime.version" value="17.0.10+7-LTS"/>
      <property name="user.name" value="morph"/>
      <property name="path.separator" value=":"/>
      <property name="os.version" value="14.6.1"/>
      <property name="java.runtime.name" value="OpenJDK Runtime Environment"/>
      <property name="com.gradle.maven.scan.extension.test.listener.junitplatform.NestedExecutionSafeDelegatingTestExecutionListener" value="6aeb35e6"/>
      <property name="file.encoding" value="UTF-8"/>
      <property name="java.vm.name" value="OpenJDK 64-Bit Server VM"/>
      <property name="java.vendor.version" value="Corretto-17.0.10.7.1"/>
      <property name="gradle.enterprise.listener.port" value="63222"/>
      <property name="localRepository" value="/Users/morph/.m2/repository"/>
      <property name="java.vendor.url.bug" value="https://github.com/corretto/corretto-17/issues/"/>
      <property name="java.io.tmpdir" value="/var/folders/9p/lfphrx7s2_vbmh5tvgpg298r0000gn/T/"/>
      <property name="java.version" value="17.0.10"/>
      <property name="user.dir" value="/Users/morph/Projects/spring-test-smart-context/demo/demo-maven-junit-platform-testng-boot32"/>
      <property name="os.arch" value="aarch64"/>
      <property name="java.vm.specification.name" value="Java Virtual Machine Specification"/>
      <property name="gradle.cache.local.enabled" value="false"/>
      <property name="native.encoding" value="UTF-8"/>
      <property name="java.library.path" value="/Users/morph/Library/Java/Extensions:/Library/Java/Extensions:/Network/Library/Java/Extensions:/System/Library/Java/Extensions:/usr/lib/java:."/>
      <property name="java.vm.info" value="mixed mode, sharing"/>
      <property name="java.vendor" value="Amazon.com Inc."/>
      <property name="java.vm.version" value="17.0.10+7-LTS"/>
      <property name="sun.io.unicode.encoding" value="UnicodeBig"/>
      <property name="socksNonProxyHosts" value="local|*.local|169.254/16|*.169.254/16"/>
      <property name="java.class.version" value="61.0"/>
    </properties>
    <testcase name="transactionalMethods_shouldNotSelfCall" classname="com.github.seregamorph.testsmartcontext.demo.FlakyFailureTest" time="0.608">
      <flakyFailure message="Architecture Violation [Priority: MEDIUM] - Rule &apos;methods that annotated with @Transactional should be public and should not be final and should not be static and should overrides only an interface method if any and should not has class constructor direct calls (only via DI), because this is required to manage transactions with PROXY advice mode&apos; was violated (1 times):&#10;Constructor Class &lt;com.miro.domain.OrganizationDataDeleters$AllTablesOrganizationDataDeleter&gt; is being called.&#10;Constructor &lt;com.miro.domain.OrganizationDataDeleters.&lt;init&gt;(java.util.List)&gt; calls constructor &lt;com.miro.domain.OrganizationDataDeleters$AllTablesOrganizationDataDeleter.&lt;init&gt;(java.util.List)&gt; in (OrganizationDataDeleters.kt:16)" type="java.lang.AssertionError">
      <stackTrace><![CDATA[java.lang.AssertionError:
Architecture Violation [Priority: MEDIUM] - Rule 'methods that annotated with @Transactional should be public and should not be final and should not be static and should overrides only an interface method if any and should not has class constructor direct calls (only via DI), because this is required to manage transactions with PROXY advice mode' was violated (1 times):
Constructor Class <com.acme.domain.OrganizationDataDeleters$AllTablesOrganizationDataDeleter> is being called.
Constructor <com.acme.domain.OrganizationDataDeleters.<init>(java.util.List)> calls constructor <com.acme.domain.OrganizationDataDeleters$AllTablesOrganizationDataDeleter.<init>(java.util.List)> in (OrganizationDataDeleters.kt:16)
	at com.tngtech.archunit.lang.ArchRule$Assertions.assertNoViolation(ArchRule.java:94)
	at com.tngtech.archunit.lang.ArchRule$Assertions.check(ArchRule.java:86)
	at com.tngtech.archunit.lang.ArchRule$Factory$SimpleArchRule.check(ArchRule.java:165)
	at com.github.seregamorph.testsmartcontext.demo.FlakyFailureTest.transactionalMethods_shouldNotSelfCall(TransactionalMethodsCallersArchTest.java:124)
	at java.base/java.lang.reflect.Method.invoke(Method.java:569)
	at org.testng.internal.invokers.MethodInvocationHelper.invokeMethod(MethodInvocationHelper.java:141)
	at org.testng.internal.invokers.MethodInvocationHelper$1.runTestMethod(MethodInvocationHelper.java:260)
	at platform.server.core.general.system.testcontext.TestSuiteListener.run(TestSuiteListener.java:60)
	at org.testng.internal.invokers.MethodInvocationHelper.invokeHookable(MethodInvocationHelper.java:274)
	at org.testng.internal.invokers.TestInvoker.invokeMethod(TestInvoker.java:679)
	at org.testng.internal.invokers.TestInvoker.invokeTestMethod(TestInvoker.java:230)
	at org.testng.internal.invokers.MethodRunner.runInSequence(MethodRunner.java:63)
	at org.testng.internal.invokers.TestInvoker$MethodInvocationAgent.invoke(TestInvoker.java:995)
	at org.testng.internal.invokers.TestInvoker.invokeTestMethods(TestInvoker.java:203)
	at org.testng.internal.invokers.TestMethodWorker.invokeTestMethods(TestMethodWorker.java:154)
	at org.testng.internal.invokers.TestMethodWorker.run(TestMethodWorker.java:134)
	at java.base/java.util.ArrayList.forEach(ArrayList.java:1511)
	at org.testng.TestRunner.privateRun(TestRunner.java:741)
	at org.testng.TestRunner.run(TestRunner.java:616)
	at org.testng.SuiteRunner.runTest(SuiteRunner.java:421)
	at org.testng.SuiteRunner.runSequentially(SuiteRunner.java:413)
	at org.testng.SuiteRunner.privateRun(SuiteRunner.java:373)
	at org.testng.SuiteRunner.run(SuiteRunner.java:312)
	at org.testng.SuiteRunnerWorker.runSuite(SuiteRunnerWorker.java:52)
	at org.testng.SuiteRunnerWorker.run(SuiteRunnerWorker.java:95)
	at org.testng.TestNG.runSuitesSequentially(TestNG.java:1274)
	at org.testng.TestNG.runSuitesLocally(TestNG.java:1208)
	at org.testng.TestNG.runSuites(TestNG.java:1112)
	at org.testng.TestNG.run(TestNG.java:1079)
]]></stackTrace>
      <system-out><![CDATA[>>> Running TransactionalMethodsCallersArchTest
>>> Failed TransactionalMethodsCallersArchTest.transactionalMethods_shouldNotSelfCall >>>
java.lang.AssertionError: Architecture Violation [Priority: MEDIUM] - Rule 'methods that annotated with @Transactional should be public and should not be final and should not be static and should overrides only an interface method if any and should not has class constructor direct calls (only via DI), because this is required to manage transactions with PROXY advice mode' was violated (1 times):
Constructor Class <com.acme.domain.OrganizationDataDeleters$AllTablesOrganizationDataDeleter> is being called.
Constructor <com.acme.domain.OrganizationDataDeleters.<init>(java.util.List)> calls constructor <com.acme.domain.OrganizationDataDeleters$AllTablesOrganizationDataDeleter.<init>(java.util.List)> in (OrganizationDataDeleters.kt:16)
	at com.tngtech.archunit.lang.ArchRule$Assertions.assertNoViolation(ArchRule.java:94)
	at com.tngtech.archunit.lang.ArchRule$Assertions.check(ArchRule.java:86)
	at com.tngtech.archunit.lang.ArchRule$Factory$SimpleArchRule.check(ArchRule.java:165)
	at com.github.seregamorph.testsmartcontext.demo.FlakyFailureTest.transactionalMethods_shouldNotSelfCall(TransactionalMethodsCallersArchTest.java:124)
	at java.base/jdk.internal.reflect.NativeMethodAccessorImpl.invoke0(Native Method)
	at java.base/jdk.internal.reflect.NativeMethodAccessorImpl.invoke(NativeMethodAccessorImpl.java:77)
	at java.base/jdk.internal.reflect.DelegatingMethodAccessorImpl.invoke(DelegatingMethodAccessorImpl.java:43)
	at java.base/java.lang.reflect.Method.invoke(Method.java:569)
	at org.testng.internal.invokers.MethodInvocationHelper.invokeMethod(MethodInvocationHelper.java:141)
	at org.testng.internal.invokers.MethodInvocationHelper$1.runTestMethod(MethodInvocationHelper.java:260)
	at platform.server.core.general.system.testcontext.TestSuiteListener.run(TestSuiteListener.java:60)
	at org.testng.internal.invokers.MethodInvocationHelper.invokeHookable(MethodInvocationHelper.java:274)
	at org.testng.internal.invokers.TestInvoker.invokeMethod(TestInvoker.java:679)
	at org.testng.internal.invokers.TestInvoker.invokeTestMethod(TestInvoker.java:230)
	at org.testng.internal.invokers.MethodRunner.runInSequence(MethodRunner.java:63)
	at org.testng.internal.invokers.TestInvoker$MethodInvocationAgent.invoke(TestInvoker.java:995)
	at org.testng.internal.invokers.TestInvoker.invokeTestMethods(TestInvoker.java:203)
	at org.testng.internal.invokers.TestMethodWorker.invokeTestMethods(TestMethodWorker.java:154)
	at org.testng.internal.invokers.TestMethodWorker.run(TestMethodWorker.java:134)
	at java.base/java.util.ArrayList.forEach(ArrayList.java:1511)
	at org.testng.TestRunner.privateRun(TestRunner.java:741)
	at org.testng.TestRunner.run(TestRunner.java:616)
	at org.testng.SuiteRunner.runTest(SuiteRunner.java:421)
	at org.testng.SuiteRunner.runSequentially(SuiteRunner.java:413)
	at org.testng.SuiteRunner.privateRun(SuiteRunner.java:373)
	at org.testng.SuiteRunner.run(SuiteRunner.java:312)
	at org.testng.SuiteRunnerWorker.runSuite(SuiteRunnerWorker.java:52)
	at org.testng.SuiteRunnerWorker.run(SuiteRunnerWorker.java:95)
	at org.testng.TestNG.runSuitesSequentially(TestNG.java:1274)
	at org.testng.TestNG.runSuitesLocally(TestNG.java:1208)
	at org.testng.TestNG.runSuites(TestNG.java:1112)
	at org.testng.TestNG.run(TestNG.java:1079)
	at org.junit.support.testng.engine.TestNGTestEngine.configureAndRun(TestNGTestEngine.java:190)
	at org.junit.support.testng.engine.TestNGTestEngine.execute(TestNGTestEngine.java:168)
	at org.junit.platform.launcher.core.EngineExecutionOrchestrator.execute(EngineExecutionOrchestrator.java:201)
	at org.junit.platform.launcher.core.EngineExecutionOrchestrator.execute(EngineExecutionOrchestrator.java:170)
	at org.junit.platform.launcher.core.EngineExecutionOrchestrator.execute(EngineExecutionOrchestrator.java:94)
	at org.junit.platform.launcher.core.EngineExecutionOrchestrator.lambda$execute$0(EngineExecutionOrchestrator.java:59)
	at org.junit.platform.launcher.core.EngineExecutionOrchestrator.withInterceptedStreams(EngineExecutionOrchestrator.java:142)
	at org.junit.platform.launcher.core.EngineExecutionOrchestrator.execute(EngineExecutionOrchestrator.java:58)
	at org.junit.platform.launcher.core.DefaultLauncher.execute(DefaultLauncher.java:103)
	at org.junit.platform.launcher.core.DefaultLauncher.execute(DefaultLauncher.java:85)
	at org.junit.platform.launcher.core.DelegatingLauncher.execute(DelegatingLauncher.java:47)
	at org.junit.platform.launcher.core.InterceptingLauncher.lambda$execute$1(InterceptingLauncher.java:39)
	at org.junit.platform.launcher.core.ClasspathAlignmentCheckingLauncherInterceptor.intercept(ClasspathAlignmentCheckingLauncherInterceptor.java:25)
	at org.junit.platform.launcher.core.InterceptingLauncher.execute(InterceptingLauncher.java:38)
	at org.junit.platform.launcher.core.DelegatingLauncher.execute(DelegatingLauncher.java:47)
	at org.apache.maven.surefire.junitplatform.LazyLauncher.execute(LazyLauncher.java:56)
	at org.apache.maven.surefire.junitplatform.JUnitPlatformProvider.execute(JUnitPlatformProvider.java:194)
	at org.apache.maven.surefire.junitplatform.JUnitPlatformProvider.invokeAllTests(JUnitPlatformProvider.java:150)
	at org.apache.maven.surefire.junitplatform.JUnitPlatformProvider.invoke(JUnitPlatformProvider.java:124)
	at org.apache.maven.surefire.booter.ForkedBooter.runSuitesInProcess(ForkedBooter.java:385)
	at org.apache.maven.surefire.booter.ForkedBooter.execute(ForkedBooter.java:162)
	at org.apache.maven.surefire.booter.ForkedBooter.run(ForkedBooter.java:507)
	at org.apache.maven.surefire.booter.ForkedBooter.main(ForkedBooter.java:495)
]]></system-out>
    </flakyFailure>
  </testcase>
</testsuite>
